2024-10-09 09:41:17.492  INFO 10676 --- [main] ptablePropertiesBeanFactoryPostProcessor : Post-processing PropertySource instances
2024-10-09 09:41:17.494  INFO 10676 --- [main] c.u.j.EncryptablePropertySourceConverter : Skipping PropertySource configurationProperties [class org.springframework.boot.context.properties.source.ConfigurationPropertySourcesPropertySource
2024-10-09 09:41:17.495  INFO 10676 --- [main] c.u.j.EncryptablePropertySourceConverter : Converting PropertySource bootstrap [org.springframework.core.env.MapPropertySource] to EncryptableMapPropertySourceWrapper
2024-10-09 09:41:17.495  INFO 10676 --- [main] c.u.j.EncryptablePropertySourceConverter : Converting PropertySource systemProperties [org.springframework.core.env.PropertiesPropertySource] to EncryptableMapPropertySourceWrapper
2024-10-09 09:41:17.496  INFO 10676 --- [main] c.u.j.EncryptablePropertySourceConverter : Converting PropertySource systemEnvironment [org.springframework.boot.env.SystemEnvironmentPropertySourceEnvironmentPostProcessor$OriginAwareSystemEnvironmentPropertySource] to EncryptableSystemEnvironmentPropertySourceWrapper
2024-10-09 09:41:17.496  INFO 10676 --- [main] c.u.j.EncryptablePropertySourceConverter : Converting PropertySource random [org.springframework.boot.env.RandomValuePropertySource] to EncryptablePropertySourceWrapper
2024-10-09 09:41:17.496  INFO 10676 --- [main] c.u.j.EncryptablePropertySourceConverter : Converting PropertySource cachedrandom [org.springframework.cloud.util.random.CachedRandomPropertySource] to EncryptablePropertySourceWrapper
2024-10-09 09:41:17.496  INFO 10676 --- [main] c.u.j.EncryptablePropertySourceConverter : Converting PropertySource springCloudClientHostInfo [org.springframework.core.env.MapPropertySource] to EncryptableMapPropertySourceWrapper
2024-10-09 09:41:17.496  INFO 10676 --- [main] c.u.j.EncryptablePropertySourceConverter : Converting PropertySource Config resource 'class path resource [bootstrap.yml]' via location 'optional:classpath:/' [org.springframework.boot.env.OriginTrackedMapPropertySource] to EncryptableMapPropertySourceWrapper
2024-10-09 09:41:17.778  INFO 10676 --- [main] c.u.j.filter.DefaultLazyPropertyFilter   : Property Filter custom Bean not found with name 'encryptablePropertyFilter'. Initializing Default Property Filter
2024-10-09 09:41:17.782  INFO 10676 --- [main] c.u.j.r.DefaultLazyPropertyResolver      : Property Resolver custom Bean not found with name 'encryptablePropertyResolver'. Initializing Default Property Resolver
2024-10-09 09:41:17.783  INFO 10676 --- [main] c.u.j.d.DefaultLazyPropertyDetector      : Property Detector custom Bean not found with name 'encryptablePropertyDetector'. Initializing Default Property Detector
2024-10-09 09:41:17.789  INFO 10676 --- [main] c.f.flex.core.cadmgt.CADMgtApplication   : No active profile set, falling back to 1 default profile: "default"
2024-10-09 09:41:19.376  INFO 10676 --- [main] .s.d.r.c.RepositoryConfigurationDelegate : Bootstrapping Spring Data MongoDB repositories in DEFAULT mode.
2024-10-09 09:41:19.484  INFO 10676 --- [main] .s.d.r.c.RepositoryConfigurationDelegate : Finished Spring Data repository scanning in 103 ms. Found 23 MongoDB repository interfaces.
2024-10-09 09:41:19.645  INFO 10676 --- [main] o.s.cloud.context.scope.GenericScope     : BeanFactory id=b96b95db-b841-35c1-aff9-41a3219b7b84
2024-10-09 09:41:19.665  INFO 10676 --- [main] ptablePropertiesBeanFactoryPostProcessor : Post-processing PropertySource instances
2024-10-09 09:41:19.665  INFO 10676 --- [main] c.u.j.EncryptablePropertySourceConverter : Skipping PropertySource configurationProperties [class org.springframework.boot.context.properties.source.ConfigurationPropertySourcesPropertySource
2024-10-09 09:41:19.665  INFO 10676 --- [main] c.u.j.EncryptablePropertySourceConverter : Skipping PropertySource servletConfigInitParams [class org.springframework.core.env.PropertySource$StubPropertySource
2024-10-09 09:41:19.665  INFO 10676 --- [main] c.u.j.EncryptablePropertySourceConverter : Skipping PropertySource servletContextInitParams [class org.springframework.core.env.PropertySource$StubPropertySource
2024-10-09 09:41:19.665  INFO 10676 --- [main] c.u.j.EncryptablePropertySourceConverter : Converting PropertySource systemProperties [org.springframework.core.env.PropertiesPropertySource] to EncryptableMapPropertySourceWrapper
2024-10-09 09:41:19.665  INFO 10676 --- [main] c.u.j.EncryptablePropertySourceConverter : Converting PropertySource systemEnvironment [org.springframework.boot.env.SystemEnvironmentPropertySourceEnvironmentPostProcessor$OriginAwareSystemEnvironmentPropertySource] to EncryptableSystemEnvironmentPropertySourceWrapper
2024-10-09 09:41:19.665  INFO 10676 --- [main] c.u.j.EncryptablePropertySourceConverter : Converting PropertySource random [org.springframework.boot.env.RandomValuePropertySource] to EncryptablePropertySourceWrapper
2024-10-09 09:41:19.665  INFO 10676 --- [main] c.u.j.EncryptablePropertySourceConverter : Converting PropertySource cachedrandom [org.springframework.cloud.util.random.CachedRandomPropertySource] to EncryptablePropertySourceWrapper
2024-10-09 09:41:19.665  INFO 10676 --- [main] c.u.j.EncryptablePropertySourceConverter : Converting PropertySource springCloudClientHostInfo [org.springframework.core.env.MapPropertySource] to EncryptableMapPropertySourceWrapper
2024-10-09 09:41:19.666  INFO 10676 --- [main] c.u.j.EncryptablePropertySourceConverter : Converting PropertySource springCloudDefaultProperties [org.springframework.core.env.MapPropertySource] to EncryptableMapPropertySourceWrapper
2024-10-09 09:41:20.155  INFO 10676 --- [main] o.s.b.w.embedded.tomcat.TomcatWebServer  : Tomcat initialized with port(s): 8020 (http)
2024-10-09 09:41:20.163  INFO 10676 --- [main] o.apache.catalina.core.StandardService   : Starting service [Tomcat]
2024-10-09 09:41:20.164  INFO 10676 --- [main] org.apache.catalina.core.StandardEngine  : Starting Servlet engine: [Apache Tomcat/9.0.62]
2024-10-09 09:41:20.269  INFO 10676 --- [main] o.a.c.c.C.[Tomcat].[localhost].[/]       : Initializing Spring embedded WebApplicationContext
2024-10-09 09:41:20.270  INFO 10676 --- [main] w.s.c.ServletWebServerApplicationContext : Root WebApplicationContext: initialization completed in 2457 ms
2024-10-09 09:41:20.439  INFO 10676 --- [main] org.mongodb.driver.cluster               : Cluster created with settings {hosts=[192.168.68.194:27194], mode=SINGLE, requiredClusterType=UNKNOWN, serverSelectionTimeout='30000 ms'}
2024-10-09 09:41:20.592  INFO 10676 --- [cluster-rtt-ClusterId{value='6705ed50bfb3a75c24c238e6', description='null'}-192.168.68.194:27194] org.mongodb.driver.connection            : Opened connection [connectionId{localValue:2, serverValue:88951}] to 192.168.68.194:27194
2024-10-09 09:41:21.557  INFO 10676 --- [cluster-ClusterId{value='6705ed50bfb3a75c24c238e6', description='null'}-192.168.68.194:27194] org.mongodb.driver.connection            : Opened connection [connectionId{localValue:1, serverValue:88952}] to 192.168.68.194:27194
2024-10-09 09:41:21.557  INFO 10676 --- [cluster-ClusterId{value='6705ed50bfb3a75c24c238e6', description='null'}-192.168.68.194:27194] org.mongodb.driver.cluster               : Monitor thread successfully connected to server with description ServerDescription{address=192.168.68.194:27194, type=STANDALONE, state=CONNECTED, ok=true, minWireVersion=0, maxWireVersion=9, maxDocumentSize=16777216, logicalSessionTimeoutMinutes=30, roundTripTimeNanos=56054200}
2024-10-09 09:41:21.983  WARN 10676 --- [main] o.s.security.core.userdetails.User       : User.withDefaultPasswordEncoder() is considered unsafe for production and is only intended for sample applications.
2024-10-09 09:41:22.449  INFO 10676 --- [main] o.s.b.w.embedded.tomcat.TomcatWebServer  : Tomcat started on port(s): 8020 (http) with context path ''
2024-10-09 09:41:22.450  INFO 10676 --- [main] u.j.c.RefreshScopeRefreshedEventListener : Refreshing cached encryptable property sources on ServletWebServerInitializedEvent
2024-10-09 09:41:22.450  INFO 10676 --- [main] CachingDelegateEncryptablePropertySource : Property Source systemProperties refreshed
2024-10-09 09:41:22.451  INFO 10676 --- [main] CachingDelegateEncryptablePropertySource : Property Source systemEnvironment refreshed
2024-10-09 09:41:22.451  INFO 10676 --- [main] CachingDelegateEncryptablePropertySource : Property Source random refreshed
2024-10-09 09:41:22.451  INFO 10676 --- [main] CachingDelegateEncryptablePropertySource : Property Source cachedrandom refreshed
2024-10-09 09:41:22.451  INFO 10676 --- [main] CachingDelegateEncryptablePropertySource : Property Source springCloudClientHostInfo refreshed
2024-10-09 09:41:22.451  INFO 10676 --- [main] CachingDelegateEncryptablePropertySource : Property Source springCloudDefaultProperties refreshed
2024-10-09 09:41:22.451  INFO 10676 --- [main] CachingDelegateEncryptablePropertySource : Property Source Config resource 'class path resource [bootstrap.yml]' via location 'optional:classpath:/' refreshed
2024-10-09 09:41:22.451  INFO 10676 --- [main] c.u.j.EncryptablePropertySourceConverter : Skipping PropertySource configurationProperties [class org.springframework.boot.context.properties.source.ConfigurationPropertySourcesPropertySource
2024-10-09 09:41:22.451  INFO 10676 --- [main] c.u.j.EncryptablePropertySourceConverter : Skipping PropertySource servletConfigInitParams [class org.springframework.core.env.PropertySource$StubPropertySource
2024-10-09 09:41:22.451  INFO 10676 --- [main] c.u.j.EncryptablePropertySourceConverter : Converting PropertySource servletContextInitParams [org.springframework.web.context.support.ServletContextPropertySource] to EncryptableEnumerablePropertySourceWrapper
2024-10-09 09:41:22.704  INFO 10676 --- [main] u.j.c.RefreshScopeRefreshedEventListener : Refreshing cached encryptable property sources on ServletWebServerInitializedEvent
2024-10-09 09:41:22.704  INFO 10676 --- [main] CachingDelegateEncryptablePropertySource : Property Source systemProperties refreshed
2024-10-09 09:41:22.704  INFO 10676 --- [main] CachingDelegateEncryptablePropertySource : Property Source systemEnvironment refreshed
2024-10-09 09:41:22.704  INFO 10676 --- [main] CachingDelegateEncryptablePropertySource : Property Source random refreshed
2024-10-09 09:41:22.704  INFO 10676 --- [main] CachingDelegateEncryptablePropertySource : Property Source cachedrandom refreshed
2024-10-09 09:41:22.704  INFO 10676 --- [main] CachingDelegateEncryptablePropertySource : Property Source springCloudClientHostInfo refreshed
2024-10-09 09:41:22.704  INFO 10676 --- [main] CachingDelegateEncryptablePropertySource : Property Source Config resource 'class path resource [bootstrap.yml]' via location 'optional:classpath:/' refreshed
2024-10-09 09:41:22.705  INFO 10676 --- [main] c.u.j.EncryptablePropertySourceConverter : Converting PropertySource server.ports [org.springframework.core.env.MapPropertySource] to EncryptableMapPropertySourceWrapper
2024-10-09 09:41:22.705  INFO 10676 --- [main] c.u.j.EncryptablePropertySourceConverter : Skipping PropertySource configurationProperties [class org.springframework.boot.context.properties.source.ConfigurationPropertySourcesPropertySource
2024-10-09 09:41:22.705  INFO 10676 --- [main] c.u.j.EncryptablePropertySourceConverter : Converting PropertySource springCloudDefaultProperties [org.springframework.cloud.bootstrap.BootstrapApplicationListener$ExtendedDefaultPropertySource] to EncryptableSystemEnvironmentPropertySourceWrapper
2024-10-09 09:41:22.719  INFO 10676 --- [main] c.f.flex.core.cadmgt.CADMgtApplication   : Started CADMgtApplication in 6.06 seconds (JVM running for 6.45)
