2024-10-09 08:39:37.752  INFO 11984 --- [main] ptablePropertiesBeanFactoryPostProcessor : Post-processing PropertySource instances
2024-10-09 08:39:37.755  INFO 11984 --- [main] c.u.j.EncryptablePropertySourceConverter : Skipping PropertySource configurationProperties [class org.springframework.boot.context.properties.source.ConfigurationPropertySourcesPropertySource
2024-10-09 08:39:37.757  INFO 11984 --- [main] c.u.j.EncryptablePropertySourceConverter : Converting PropertySource bootstrap [org.springframework.core.env.MapPropertySource] to EncryptableMapPropertySourceWrapper
2024-10-09 08:39:37.757  INFO 11984 --- [main] c.u.j.EncryptablePropertySourceConverter : Converting PropertySource systemProperties [org.springframework.core.env.PropertiesPropertySource] to EncryptableMapPropertySourceWrapper
2024-10-09 08:39:37.758  INFO 11984 --- [main] c.u.j.EncryptablePropertySourceConverter : Converting PropertySource systemEnvironment [org.springframework.boot.env.SystemEnvironmentPropertySourceEnvironmentPostProcessor$OriginAwareSystemEnvironmentPropertySource] to EncryptableSystemEnvironmentPropertySourceWrapper
2024-10-09 08:39:37.758  INFO 11984 --- [main] c.u.j.EncryptablePropertySourceConverter : Converting PropertySource random [org.springframework.boot.env.RandomValuePropertySource] to EncryptablePropertySourceWrapper
2024-10-09 08:39:37.759  INFO 11984 --- [main] c.u.j.EncryptablePropertySourceConverter : Converting PropertySource cachedrandom [org.springframework.cloud.util.random.CachedRandomPropertySource] to EncryptablePropertySourceWrapper
2024-10-09 08:39:37.759  INFO 11984 --- [main] c.u.j.EncryptablePropertySourceConverter : Converting PropertySource springCloudClientHostInfo [org.springframework.core.env.MapPropertySource] to EncryptableMapPropertySourceWrapper
2024-10-09 08:39:37.759  INFO 11984 --- [main] c.u.j.EncryptablePropertySourceConverter : Converting PropertySource Config resource 'class path resource [bootstrap.yml]' via location 'optional:classpath:/' [org.springframework.boot.env.OriginTrackedMapPropertySource] to EncryptableMapPropertySourceWrapper
2024-10-09 08:39:37.860  INFO 11984 --- [main] c.u.j.filter.DefaultLazyPropertyFilter   : Property Filter custom Bean not found with name 'encryptablePropertyFilter'. Initializing Default Property Filter
2024-10-09 08:39:37.869  INFO 11984 --- [main] c.u.j.r.DefaultLazyPropertyResolver      : Property Resolver custom Bean not found with name 'encryptablePropertyResolver'. Initializing Default Property Resolver
2024-10-09 08:39:37.871  INFO 11984 --- [main] c.u.j.d.DefaultLazyPropertyDetector      : Property Detector custom Bean not found with name 'encryptablePropertyDetector'. Initializing Default Property Detector
2024-10-09 08:39:38.203  INFO 11984 --- [main] c.f.flex.core.cadmgt.CADMgtApplication   : No active profile set, falling back to 1 default profile: "default"
2024-10-09 08:39:39.933  INFO 11984 --- [main] .s.d.r.c.RepositoryConfigurationDelegate : Bootstrapping Spring Data MongoDB repositories in DEFAULT mode.
2024-10-09 08:39:40.062  INFO 11984 --- [main] .s.d.r.c.RepositoryConfigurationDelegate : Finished Spring Data repository scanning in 126 ms. Found 23 MongoDB repository interfaces.
2024-10-09 08:39:40.285  INFO 11984 --- [main] o.s.cloud.context.scope.GenericScope     : BeanFactory id=5354e0cb-f16f-3cea-9694-92c1569cdef1
2024-10-09 08:39:40.313  INFO 11984 --- [main] ptablePropertiesBeanFactoryPostProcessor : Post-processing PropertySource instances
2024-10-09 08:39:40.314  INFO 11984 --- [main] c.u.j.EncryptablePropertySourceConverter : Skipping PropertySource configurationProperties [class org.springframework.boot.context.properties.source.ConfigurationPropertySourcesPropertySource
2024-10-09 08:39:40.314  INFO 11984 --- [main] c.u.j.EncryptablePropertySourceConverter : Skipping PropertySource servletConfigInitParams [class org.springframework.core.env.PropertySource$StubPropertySource
2024-10-09 08:39:40.314  INFO 11984 --- [main] c.u.j.EncryptablePropertySourceConverter : Skipping PropertySource servletContextInitParams [class org.springframework.core.env.PropertySource$StubPropertySource
2024-10-09 08:39:40.314  INFO 11984 --- [main] c.u.j.EncryptablePropertySourceConverter : Converting PropertySource systemProperties [org.springframework.core.env.PropertiesPropertySource] to EncryptableMapPropertySourceWrapper
2024-10-09 08:39:40.314  INFO 11984 --- [main] c.u.j.EncryptablePropertySourceConverter : Converting PropertySource systemEnvironment [org.springframework.boot.env.SystemEnvironmentPropertySourceEnvironmentPostProcessor$OriginAwareSystemEnvironmentPropertySource] to EncryptableSystemEnvironmentPropertySourceWrapper
2024-10-09 08:39:40.314  INFO 11984 --- [main] c.u.j.EncryptablePropertySourceConverter : Converting PropertySource random [org.springframework.boot.env.RandomValuePropertySource] to EncryptablePropertySourceWrapper
2024-10-09 08:39:40.314  INFO 11984 --- [main] c.u.j.EncryptablePropertySourceConverter : Converting PropertySource cachedrandom [org.springframework.cloud.util.random.CachedRandomPropertySource] to EncryptablePropertySourceWrapper
2024-10-09 08:39:40.314  INFO 11984 --- [main] c.u.j.EncryptablePropertySourceConverter : Converting PropertySource springCloudClientHostInfo [org.springframework.core.env.MapPropertySource] to EncryptableMapPropertySourceWrapper
2024-10-09 08:39:40.314  INFO 11984 --- [main] c.u.j.EncryptablePropertySourceConverter : Converting PropertySource springCloudDefaultProperties [org.springframework.core.env.MapPropertySource] to EncryptableMapPropertySourceWrapper
2024-10-09 08:39:40.521  INFO 11984 --- [main] o.s.b.w.embedded.tomcat.TomcatWebServer  : Tomcat initialized with port(s): 8020 (http)
2024-10-09 08:39:40.531  INFO 11984 --- [main] o.apache.catalina.core.StandardService   : Starting service [Tomcat]
2024-10-09 08:39:40.532  INFO 11984 --- [main] org.apache.catalina.core.StandardEngine  : Starting Servlet engine: [Apache Tomcat/9.0.62]
2024-10-09 08:39:40.660  INFO 11984 --- [main] o.a.c.c.C.[Tomcat].[localhost].[/]       : Initializing Spring embedded WebApplicationContext
2024-10-09 08:39:40.660  INFO 11984 --- [main] w.s.c.ServletWebServerApplicationContext : Root WebApplicationContext: initialization completed in 2433 ms
2024-10-09 08:39:40.763  INFO 11984 --- [main] org.mongodb.driver.cluster               : Cluster created with settings {hosts=[192.168.68.194:27194], mode=SINGLE, requiredClusterType=UNKNOWN, serverSelectionTimeout='30000 ms'}
2024-10-09 08:39:40.888  INFO 11984 --- [cluster-ClusterId{value='6705dedc6fb69e0ca765d03d', description='null'}-192.168.68.194:27194] org.mongodb.driver.connection            : Opened connection [connectionId{localValue:1, serverValue:88931}] to 192.168.68.194:27194
2024-10-09 08:39:40.888  INFO 11984 --- [cluster-rtt-ClusterId{value='6705dedc6fb69e0ca765d03d', description='null'}-192.168.68.194:27194] org.mongodb.driver.connection            : Opened connection [connectionId{localValue:2, serverValue:88930}] to 192.168.68.194:27194
2024-10-09 08:39:40.888  INFO 11984 --- [cluster-ClusterId{value='6705dedc6fb69e0ca765d03d', description='null'}-192.168.68.194:27194] org.mongodb.driver.cluster               : Monitor thread successfully connected to server with description ServerDescription{address=192.168.68.194:27194, type=STANDALONE, state=CONNECTED, ok=true, minWireVersion=0, maxWireVersion=9, maxDocumentSize=16777216, logicalSessionTimeoutMinutes=30, roundTripTimeNanos=70726400}
2024-10-09 08:39:41.901  WARN 11984 --- [main] o.s.security.core.userdetails.User       : User.withDefaultPasswordEncoder() is considered unsafe for production and is only intended for sample applications.
2024-10-09 08:39:42.391  WARN 11984 --- [main] ConfigServletWebServerApplicationContext : Exception encountered during context initialization - cancelling refresh attempt: org.springframework.context.ApplicationContextException: Failed to start bean 'webServerStartStop'; nested exception is org.springframework.boot.web.server.PortInUseException: Port 8020 is already in use
2024-10-09 08:39:42.398  INFO 11984 --- [main] o.apache.catalina.core.StandardService   : Stopping service [Tomcat]
2024-10-09 08:39:42.407  INFO 11984 --- [main] ConditionEvaluationReportLoggingListener : 

Error starting ApplicationContext. To display the conditions report re-run your application with 'debug' enabled.
2024-10-09 08:39:42.420 ERROR 11984 --- [main] o.s.b.d.LoggingFailureAnalysisReporter   : 

***************************
APPLICATION FAILED TO START
***************************

Description:

Web server failed to start. Port 8020 was already in use.

Action:

Identify and stop the process that's listening on port 8020 or configure this application to listen on another port.

2024-10-09 08:40:39.427  INFO 15224 --- [main] ptablePropertiesBeanFactoryPostProcessor : Post-processing PropertySource instances
2024-10-09 08:40:39.430  INFO 15224 --- [main] c.u.j.EncryptablePropertySourceConverter : Skipping PropertySource configurationProperties [class org.springframework.boot.context.properties.source.ConfigurationPropertySourcesPropertySource
2024-10-09 08:40:39.432  INFO 15224 --- [main] c.u.j.EncryptablePropertySourceConverter : Converting PropertySource bootstrap [org.springframework.core.env.MapPropertySource] to EncryptableMapPropertySourceWrapper
2024-10-09 08:40:39.432  INFO 15224 --- [main] c.u.j.EncryptablePropertySourceConverter : Converting PropertySource systemProperties [org.springframework.core.env.PropertiesPropertySource] to EncryptableMapPropertySourceWrapper
2024-10-09 08:40:39.433  INFO 15224 --- [main] c.u.j.EncryptablePropertySourceConverter : Converting PropertySource systemEnvironment [org.springframework.boot.env.SystemEnvironmentPropertySourceEnvironmentPostProcessor$OriginAwareSystemEnvironmentPropertySource] to EncryptableSystemEnvironmentPropertySourceWrapper
2024-10-09 08:40:39.433  INFO 15224 --- [main] c.u.j.EncryptablePropertySourceConverter : Converting PropertySource random [org.springframework.boot.env.RandomValuePropertySource] to EncryptablePropertySourceWrapper
2024-10-09 08:40:39.433  INFO 15224 --- [main] c.u.j.EncryptablePropertySourceConverter : Converting PropertySource cachedrandom [org.springframework.cloud.util.random.CachedRandomPropertySource] to EncryptablePropertySourceWrapper
2024-10-09 08:40:39.433  INFO 15224 --- [main] c.u.j.EncryptablePropertySourceConverter : Converting PropertySource springCloudClientHostInfo [org.springframework.core.env.MapPropertySource] to EncryptableMapPropertySourceWrapper
2024-10-09 08:40:39.433  INFO 15224 --- [main] c.u.j.EncryptablePropertySourceConverter : Converting PropertySource Config resource 'class path resource [bootstrap.yml]' via location 'optional:classpath:/' [org.springframework.boot.env.OriginTrackedMapPropertySource] to EncryptableMapPropertySourceWrapper
2024-10-09 08:40:39.514  INFO 15224 --- [main] c.u.j.filter.DefaultLazyPropertyFilter   : Property Filter custom Bean not found with name 'encryptablePropertyFilter'. Initializing Default Property Filter
2024-10-09 08:40:39.520  INFO 15224 --- [main] c.u.j.r.DefaultLazyPropertyResolver      : Property Resolver custom Bean not found with name 'encryptablePropertyResolver'. Initializing Default Property Resolver
2024-10-09 08:40:39.522  INFO 15224 --- [main] c.u.j.d.DefaultLazyPropertyDetector      : Property Detector custom Bean not found with name 'encryptablePropertyDetector'. Initializing Default Property Detector
2024-10-09 08:40:39.871  INFO 15224 --- [main] c.f.flex.core.cadmgt.CADMgtApplication   : No active profile set, falling back to 1 default profile: "default"
2024-10-09 08:40:41.388  INFO 15224 --- [main] .s.d.r.c.RepositoryConfigurationDelegate : Bootstrapping Spring Data MongoDB repositories in DEFAULT mode.
2024-10-09 08:40:41.517  INFO 15224 --- [main] .s.d.r.c.RepositoryConfigurationDelegate : Finished Spring Data repository scanning in 125 ms. Found 23 MongoDB repository interfaces.
2024-10-09 08:40:41.690  INFO 15224 --- [main] o.s.cloud.context.scope.GenericScope     : BeanFactory id=5354e0cb-f16f-3cea-9694-92c1569cdef1
2024-10-09 08:40:41.724  INFO 15224 --- [main] ptablePropertiesBeanFactoryPostProcessor : Post-processing PropertySource instances
2024-10-09 08:40:41.724  INFO 15224 --- [main] c.u.j.EncryptablePropertySourceConverter : Skipping PropertySource configurationProperties [class org.springframework.boot.context.properties.source.ConfigurationPropertySourcesPropertySource
2024-10-09 08:40:41.724  INFO 15224 --- [main] c.u.j.EncryptablePropertySourceConverter : Skipping PropertySource servletConfigInitParams [class org.springframework.core.env.PropertySource$StubPropertySource
2024-10-09 08:40:41.724  INFO 15224 --- [main] c.u.j.EncryptablePropertySourceConverter : Skipping PropertySource servletContextInitParams [class org.springframework.core.env.PropertySource$StubPropertySource
2024-10-09 08:40:41.724  INFO 15224 --- [main] c.u.j.EncryptablePropertySourceConverter : Converting PropertySource systemProperties [org.springframework.core.env.PropertiesPropertySource] to EncryptableMapPropertySourceWrapper
2024-10-09 08:40:41.725  INFO 15224 --- [main] c.u.j.EncryptablePropertySourceConverter : Converting PropertySource systemEnvironment [org.springframework.boot.env.SystemEnvironmentPropertySourceEnvironmentPostProcessor$OriginAwareSystemEnvironmentPropertySource] to EncryptableSystemEnvironmentPropertySourceWrapper
2024-10-09 08:40:41.725  INFO 15224 --- [main] c.u.j.EncryptablePropertySourceConverter : Converting PropertySource random [org.springframework.boot.env.RandomValuePropertySource] to EncryptablePropertySourceWrapper
2024-10-09 08:40:41.725  INFO 15224 --- [main] c.u.j.EncryptablePropertySourceConverter : Converting PropertySource cachedrandom [org.springframework.cloud.util.random.CachedRandomPropertySource] to EncryptablePropertySourceWrapper
2024-10-09 08:40:41.725  INFO 15224 --- [main] c.u.j.EncryptablePropertySourceConverter : Converting PropertySource springCloudClientHostInfo [org.springframework.core.env.MapPropertySource] to EncryptableMapPropertySourceWrapper
2024-10-09 08:40:41.725  INFO 15224 --- [main] c.u.j.EncryptablePropertySourceConverter : Converting PropertySource springCloudDefaultProperties [org.springframework.core.env.MapPropertySource] to EncryptableMapPropertySourceWrapper
2024-10-09 08:40:41.938  INFO 15224 --- [main] o.s.b.w.embedded.tomcat.TomcatWebServer  : Tomcat initialized with port(s): 8020 (http)
2024-10-09 08:40:41.949  INFO 15224 --- [main] o.apache.catalina.core.StandardService   : Starting service [Tomcat]
2024-10-09 08:40:41.950  INFO 15224 --- [main] org.apache.catalina.core.StandardEngine  : Starting Servlet engine: [Apache Tomcat/9.0.62]
2024-10-09 08:40:42.068  INFO 15224 --- [main] o.a.c.c.C.[Tomcat].[localhost].[/]       : Initializing Spring embedded WebApplicationContext
2024-10-09 08:40:42.068  INFO 15224 --- [main] w.s.c.ServletWebServerApplicationContext : Root WebApplicationContext: initialization completed in 2171 ms
2024-10-09 08:40:42.160  INFO 15224 --- [main] org.mongodb.driver.cluster               : Cluster created with settings {hosts=[192.168.68.194:27194], mode=SINGLE, requiredClusterType=UNKNOWN, serverSelectionTimeout='30000 ms'}
2024-10-09 08:40:42.280  INFO 15224 --- [cluster-rtt-ClusterId{value='6705df1ab25f3c7734cd1958', description='null'}-192.168.68.194:27194] org.mongodb.driver.connection            : Opened connection [connectionId{localValue:1, serverValue:88933}] to 192.168.68.194:27194
2024-10-09 08:40:42.280  INFO 15224 --- [cluster-ClusterId{value='6705df1ab25f3c7734cd1958', description='null'}-192.168.68.194:27194] org.mongodb.driver.connection            : Opened connection [connectionId{localValue:2, serverValue:88932}] to 192.168.68.194:27194
2024-10-09 08:40:42.280  INFO 15224 --- [cluster-ClusterId{value='6705df1ab25f3c7734cd1958', description='null'}-192.168.68.194:27194] org.mongodb.driver.cluster               : Monitor thread successfully connected to server with description ServerDescription{address=192.168.68.194:27194, type=STANDALONE, state=CONNECTED, ok=true, minWireVersion=0, maxWireVersion=9, maxDocumentSize=16777216, logicalSessionTimeoutMinutes=30, roundTripTimeNanos=73068900}
2024-10-09 08:40:43.247  WARN 15224 --- [main] o.s.security.core.userdetails.User       : User.withDefaultPasswordEncoder() is considered unsafe for production and is only intended for sample applications.
2024-10-09 08:40:43.773  INFO 15224 --- [main] o.s.b.w.embedded.tomcat.TomcatWebServer  : Tomcat started on port(s): 8020 (http) with context path ''
2024-10-09 08:40:43.775  INFO 15224 --- [main] u.j.c.RefreshScopeRefreshedEventListener : Refreshing cached encryptable property sources on ServletWebServerInitializedEvent
2024-10-09 08:40:43.776  INFO 15224 --- [main] CachingDelegateEncryptablePropertySource : Property Source systemProperties refreshed
2024-10-09 08:40:43.776  INFO 15224 --- [main] CachingDelegateEncryptablePropertySource : Property Source systemEnvironment refreshed
2024-10-09 08:40:43.776  INFO 15224 --- [main] CachingDelegateEncryptablePropertySource : Property Source random refreshed
2024-10-09 08:40:43.776  INFO 15224 --- [main] CachingDelegateEncryptablePropertySource : Property Source cachedrandom refreshed
2024-10-09 08:40:43.776  INFO 15224 --- [main] CachingDelegateEncryptablePropertySource : Property Source springCloudClientHostInfo refreshed
2024-10-09 08:40:43.776  INFO 15224 --- [main] CachingDelegateEncryptablePropertySource : Property Source springCloudDefaultProperties refreshed
2024-10-09 08:40:43.776  INFO 15224 --- [main] CachingDelegateEncryptablePropertySource : Property Source Config resource 'class path resource [bootstrap.yml]' via location 'optional:classpath:/' refreshed
2024-10-09 08:40:43.776  INFO 15224 --- [main] c.u.j.EncryptablePropertySourceConverter : Skipping PropertySource configurationProperties [class org.springframework.boot.context.properties.source.ConfigurationPropertySourcesPropertySource
2024-10-09 08:40:43.776  INFO 15224 --- [main] c.u.j.EncryptablePropertySourceConverter : Skipping PropertySource servletConfigInitParams [class org.springframework.core.env.PropertySource$StubPropertySource
2024-10-09 08:40:43.777  INFO 15224 --- [main] c.u.j.EncryptablePropertySourceConverter : Converting PropertySource servletContextInitParams [org.springframework.web.context.support.ServletContextPropertySource] to EncryptableEnumerablePropertySourceWrapper
2024-10-09 08:40:43.978  INFO 15224 --- [main] u.j.c.RefreshScopeRefreshedEventListener : Refreshing cached encryptable property sources on ServletWebServerInitializedEvent
2024-10-09 08:40:43.978  INFO 15224 --- [main] CachingDelegateEncryptablePropertySource : Property Source systemProperties refreshed
2024-10-09 08:40:43.978  INFO 15224 --- [main] CachingDelegateEncryptablePropertySource : Property Source systemEnvironment refreshed
2024-10-09 08:40:43.978  INFO 15224 --- [main] CachingDelegateEncryptablePropertySource : Property Source random refreshed
2024-10-09 08:40:43.979  INFO 15224 --- [main] CachingDelegateEncryptablePropertySource : Property Source cachedrandom refreshed
2024-10-09 08:40:43.979  INFO 15224 --- [main] CachingDelegateEncryptablePropertySource : Property Source springCloudClientHostInfo refreshed
2024-10-09 08:40:43.979  INFO 15224 --- [main] CachingDelegateEncryptablePropertySource : Property Source Config resource 'class path resource [bootstrap.yml]' via location 'optional:classpath:/' refreshed
2024-10-09 08:40:43.979  INFO 15224 --- [main] c.u.j.EncryptablePropertySourceConverter : Converting PropertySource server.ports [org.springframework.core.env.MapPropertySource] to EncryptableMapPropertySourceWrapper
2024-10-09 08:40:43.979  INFO 15224 --- [main] c.u.j.EncryptablePropertySourceConverter : Skipping PropertySource configurationProperties [class org.springframework.boot.context.properties.source.ConfigurationPropertySourcesPropertySource
2024-10-09 08:40:43.979  INFO 15224 --- [main] c.u.j.EncryptablePropertySourceConverter : Converting PropertySource springCloudDefaultProperties [org.springframework.cloud.bootstrap.BootstrapApplicationListener$ExtendedDefaultPropertySource] to EncryptableSystemEnvironmentPropertySourceWrapper
2024-10-09 08:40:43.987  INFO 15224 --- [main] c.u.j.filter.DefaultLazyPropertyFilter   : Property Filter custom Bean not found with name 'encryptablePropertyFilter'. Initializing Default Property Filter
2024-10-09 08:40:43.995  INFO 15224 --- [main] c.u.j.r.DefaultLazyPropertyResolver      : Property Resolver custom Bean not found with name 'encryptablePropertyResolver'. Initializing Default Property Resolver
2024-10-09 08:40:43.996  INFO 15224 --- [main] c.u.j.d.DefaultLazyPropertyDetector      : Property Detector custom Bean not found with name 'encryptablePropertyDetector'. Initializing Default Property Detector
2024-10-09 08:40:44.005  INFO 15224 --- [main] c.f.flex.core.cadmgt.CADMgtApplication   : Started CADMgtApplication in 5.83 seconds (JVM running for 6.644)
